<?xml version="1.0" encoding="UTF-8"?>
<testsuite xmlns:xsi="http://www.w3.org/2001/XMLSchema-instance" xsi:noNamespaceSchemaLocation="https://maven.apache.org/surefire/maven-surefire-plugin/xsd/surefire-test-report.xsd" name="ma.kamal.producerest.GreetingControllerTests" time="1.615" tests="2" errors="0" skipped="0" failures="0">
  <properties>
[...]
</properties>
  <testcase name="noParamGreetingShouldReturnDefaultMessage" classname="ma.kamal.producerest.GreetingControllerTests" time="0.302"/>
  <testcase name="paramGreetingShouldReturnTailoredMessage" classname="ma.kamal.producerest.GreetingControllerTests" time="0.004"/>
</testsuite>